<?xml version="1.0" encoding="UTF-8"?>
<!-- Generated by org.testng.reporters.JUnitReportReporter -->
<testsuite hostname="MWDH-Work2" failures="0" tests="1" name="ass1W12D1.FindElementsusingUIAutomator2.AppTest" time="63.652" errors="0" timestamp="2022-09-07T05:53:16 AST" skipped="0">
  <testcase classname="ass1W12D1.FindElementsusingUIAutomator2.AppTest" name="TestUIAutomator2" time="63.652"/>
  <system-out/>
</testsuite> <!-- ass1W12D1.FindElementsusingUIAutomator2.AppTest -->
